0 info it worked if it ends with ok
1 verbose cli [ '/usr/local/Cellar/node/7.3.0/bin/node',
1 verbose cli   '/usr/local/bin/npm',
1 verbose cli   'run',
1 verbose cli   'start' ]
2 info using npm@3.10.10
3 info using node@v7.3.0
4 verbose run-script [ 'prestart', 'start', 'poststart' ]
5 info lifecycle easyrecitewords-api@0.0.0~prestart: easyrecitewords-api@0.0.0
6 silly lifecycle easyrecitewords-api@0.0.0~prestart: no script for prestart, continuing
7 info lifecycle easyrecitewords-api@0.0.0~start: easyrecitewords-api@0.0.0
8 verbose lifecycle easyrecitewords-api@0.0.0~start: unsafe-perm in lifecycle true
9 verbose lifecycle easyrecitewords-api@0.0.0~start: PATH: /usr/local/lib/node_modules/npm/bin/node-gyp-bin:/Users/pengyuezhi/Desktop/我的应用/记单词/easyReciteWords-Api/easyReciteWords-Api/node_modules/.bin:/usr/local/Cellar/node/7.3.0/bin:/Library/Frameworks/Python.framework/Versions/3.6/bin:/usr/local/bin:/usr/bin:/bin:/usr/sbin:/sbin:/Library/Frameworks/Python.framework/Versions/3.6/bin:/users/pengyuezhi/desktop/e/android-sdk/platform-tools:/users/pengyuezhi/desktop/e/android-sdk/tools:/users/pengyuezhi/desktop/e/android-sdk/platform-tools:/users/pengyuezhi/desktop/e/android-sdk/tools
10 verbose lifecycle easyrecitewords-api@0.0.0~start: CWD: /Users/pengyuezhi/Desktop/我的应用/记单词/easyReciteWords-Api/easyReciteWords-Api
11 silly lifecycle easyrecitewords-api@0.0.0~start: Args: [ '-c', 'node ./bin/www' ]
12 silly lifecycle easyrecitewords-api@0.0.0~start: Returned: code: 1  signal: null
13 info lifecycle easyrecitewords-api@0.0.0~start: Failed to exec start script
14 verbose stack Error: easyrecitewords-api@0.0.0 start: `node ./bin/www`
14 verbose stack Exit status 1
14 verbose stack     at EventEmitter.<anonymous> (/usr/local/lib/node_modules/npm/lib/utils/lifecycle.js:255:16)
14 verbose stack     at emitTwo (events.js:106:13)
14 verbose stack     at EventEmitter.emit (events.js:191:7)
14 verbose stack     at ChildProcess.<anonymous> (/usr/local/lib/node_modules/npm/lib/utils/spawn.js:40:14)
14 verbose stack     at emitTwo (events.js:106:13)
14 verbose stack     at ChildProcess.emit (events.js:191:7)
14 verbose stack     at maybeClose (internal/child_process.js:885:16)
14 verbose stack     at Process.ChildProcess._handle.onexit (internal/child_process.js:226:5)
15 verbose pkgid easyrecitewords-api@0.0.0
16 verbose cwd /Users/pengyuezhi/Desktop/我的应用/记单词/easyReciteWords-Api/easyReciteWords-Api
17 error Darwin 16.6.0
18 error argv "/usr/local/Cellar/node/7.3.0/bin/node" "/usr/local/bin/npm" "run" "start"
19 error node v7.3.0
20 error npm  v3.10.10
21 error code ELIFECYCLE
22 error easyrecitewords-api@0.0.0 start: `node ./bin/www`
22 error Exit status 1
23 error Failed at the easyrecitewords-api@0.0.0 start script 'node ./bin/www'.
23 error Make sure you have the latest version of node.js and npm installed.
23 error If you do, this is most likely a problem with the easyrecitewords-api package,
23 error not with npm itself.
23 error Tell the author that this fails on your system:
23 error     node ./bin/www
23 error You can get information on how to open an issue for this project with:
23 error     npm bugs easyrecitewords-api
23 error Or if that isn't available, you can get their info via:
23 error     npm owner ls easyrecitewords-api
23 error There is likely additional logging output above.
24 verbose exit [ 1, true ]
